{"message":"Method not found.","level":"error"}
{"message":"Method not found.","level":"error"}
{"message":"Method not found.","level":"error"}
{"message":"Method not found.","level":"error"}
{"message":"Method not found.","level":"error"}
{"message":"Method not found.","level":"error"}
{"message":"Method not found.","level":"error"}
{"message":"Method not found.","level":"error"}
{"level":"error"}
{"message":"Method not found.","level":"error"}
{"message":"Method not found.","level":"error"}
{"level":"error"}
{"level":"error"}
{"message":"Book Desciption not found","level":"error"}
{"message":"\"Book Desciption not found\",Error: \"Book Desciption not found\"\n    at BookService.<anonymous> (/Users/md.raihan/Desktop/Node-Typescript-Boilerpalte/dist/components/book/BookService.js:51:27)\n    at Generator.next (<anonymous>)\n    at fulfilled (/Users/md.raihan/Desktop/Node-Typescript-Boilerpalte/dist/components/book/BookService.js:17:58)\n    at process._tickCallback (internal/process/next_tick.js:68:7)","level":"error"}
{"message":"\"Book Desciption not found\",Error: \"Book Desciption not found\"\n    at BookService.<anonymous> (/Users/md.raihan/Desktop/Node-Typescript-Boilerpalte/dist/components/book/BookService.js:51:27)\n    at Generator.next (<anonymous>)\n    at fulfilled (/Users/md.raihan/Desktop/Node-Typescript-Boilerpalte/dist/components/book/BookService.js:17:58)\n    at process._tickCallback (internal/process/next_tick.js:68:7)","level":"error"}
{"message":"\"Book Desciption not found\",Error: \"Book Desciption not found\"\n    at BookService.<anonymous> (/Users/md.raihan/Desktop/Node-Typescript-Boilerpalte/dist/components/book/BookService.js:51:27)\n    at Generator.next (<anonymous>)\n    at fulfilled (/Users/md.raihan/Desktop/Node-Typescript-Boilerpalte/dist/components/book/BookService.js:17:58)\n    at process._tickCallback (internal/process/next_tick.js:68:7)","level":"error"}
{"message":"\"Book Desciption not found\",Error: \"Book Desciption not found\"\n    at BookService.<anonymous> (/Users/md.raihan/Desktop/Node-Typescript-Boilerpalte/dist/components/book/BookService.js:51:27)\n    at Generator.next (<anonymous>)\n    at fulfilled (/Users/md.raihan/Desktop/Node-Typescript-Boilerpalte/dist/components/book/BookService.js:17:58)\n    at process._tickCallback (internal/process/next_tick.js:68:7)","level":"error"}
{"message":"\"Book Desciption not found\",Error: \"Book Desciption not found\"\n    at BookService.<anonymous> (/Users/md.raihan/Desktop/Node-Typescript-Boilerpalte/dist/components/book/BookService.js:51:27)\n    at Generator.next (<anonymous>)\n    at fulfilled (/Users/md.raihan/Desktop/Node-Typescript-Boilerpalte/dist/components/book/BookService.js:17:58)\n    at process._tickCallback (internal/process/next_tick.js:68:7)","level":"error"}
{"message":"\"Book Desciption not found\",Error: \"Book Desciption not found\"\n    at BookService.<anonymous> (/Users/md.raihan/Desktop/Node-Typescript-Boilerpalte/dist/components/book/BookService.js:51:27)\n    at Generator.next (<anonymous>)\n    at fulfilled (/Users/md.raihan/Desktop/Node-Typescript-Boilerpalte/dist/components/book/BookService.js:17:58)\n    at process._tickCallback (internal/process/next_tick.js:68:7)","level":"error"}
{"message":"\"Book Desciption not found\",Error: \"Book Desciption not found\"\n    at BookService.<anonymous> (/Users/md.raihan/Desktop/Node-Typescript-Boilerpalte/dist/components/book/BookService.js:51:27)\n    at Generator.next (<anonymous>)\n    at fulfilled (/Users/md.raihan/Desktop/Node-Typescript-Boilerpalte/dist/components/book/BookService.js:17:58)\n    at process._tickCallback (internal/process/next_tick.js:68:7)","level":"error"}
{"message":"\"Book id not found\",Error: \"Book id not found\"\n    at BookController.<anonymous> (/Users/md.raihan/Desktop/Node-Typescript-Boilerpalte/dist/components/book/BookController.js:51:27)\n    at Generator.next (<anonymous>)\n    at /Users/md.raihan/Desktop/Node-Typescript-Boilerpalte/dist/components/book/BookController.js:20:71\n    at new Promise (<anonymous>)\n    at __awaiter (/Users/md.raihan/Desktop/Node-Typescript-Boilerpalte/dist/components/book/BookController.js:16:12)\n    at BookController.getBookById (/Users/md.raihan/Desktop/Node-Typescript-Boilerpalte/dist/components/book/BookController.js:48:16)\n    at /Users/md.raihan/Desktop/Node-Typescript-Boilerpalte/dist/components/book/routes.js:47:55\n    at Generator.next (<anonymous>)\n    at /Users/md.raihan/Desktop/Node-Typescript-Boilerpalte/dist/components/book/routes.js:8:71\n    at new Promise (<anonymous>)","level":"error"}
{"message":"\"Book Desciption not found\",Error: \"Book Desciption not found\"\n    at BookService.<anonymous> (/Users/md.raihan/Desktop/Node-Typescript-Boilerpalte/src/components/book/BookService.ts:2170:17)\n    at Generator.next (<anonymous>)\n    at fulfilled (/Users/md.raihan/Desktop/Node-Typescript-Boilerpalte/src/components/book/BookService.ts:2028:24)\n    at process._tickCallback (internal/process/next_tick.js:68:7)","level":"error"}
{"message":"\"Book Desciption not found\",Error: \"Book Desciption not found\"\n    at BookService.<anonymous> (/Users/md.raihan/Desktop/Node-Typescript-Boilerpalte/src/components/book/BookService.ts:2170:17)\n    at Generator.next (<anonymous>)\n    at fulfilled (/Users/md.raihan/Desktop/Node-Typescript-Boilerpalte/src/components/book/BookService.ts:2028:24)\n    at process._tickCallback (internal/process/next_tick.js:68:7)","level":"error"}
